2417 [Test worker] WARN  org.apache.activemq.broker.BrokerService [] - Memory Usage for the Broker (1024mb) is more than the maximum available for the JVM: 247 mb - resetting to 70% of maximum available: 173 mb
2613 [Test worker] INFO  org.apache.activemq.broker.BrokerService [] - Using Persistence Adapter: KahaDBPersistenceAdapter[C:\Systemy rozproszone\exercise4\activemq-data\localhost\KahaDB]
2667 [JMX connector] INFO  org.apache.activemq.broker.jmx.ManagementContext [] - JMX consoles can connect to service:jmx:rmi:///jndi/rmi://localhost:1099/jmxrmi
3069 [Test worker] INFO  org.apache.activemq.store.kahadb.MessageDatabase [] - KahaDB is version 6
3106 [Test worker] INFO  org.apache.activemq.store.kahadb.MessageDatabase [] - Recovering from the journal @1:44082
3108 [Test worker] INFO  org.apache.activemq.store.kahadb.MessageDatabase [] - Recovery replayed 1 operations from the journal in 0.021 seconds.
3122 [Test worker] INFO  org.apache.activemq.store.kahadb.plist.PListStoreImpl [] - PListStore:[C:\Systemy rozproszone\exercise4\activemq-data\localhost\tmp_storage] started
3308 [Test worker] INFO  org.apache.activemq.broker.BrokerService [] - Apache ActiveMQ 5.13.2 (localhost, ID:CPX-9DC91RTFJ8V-62540-1494399222662-0:1) is starting
3409 [Test worker] INFO  org.apache.activemq.transport.TransportServerThreadSupport [] - Listening for connections at: tcp://127.0.0.1:62616?deleteAllMessagesOnStartup=true
3409 [Test worker] INFO  org.apache.activemq.broker.TransportConnector [] - Connector tcp://localhost:62616?deleteAllMessagesOnStartup=true started
3409 [Test worker] INFO  org.apache.activemq.broker.BrokerService [] - Apache ActiveMQ 5.13.2 (localhost, ID:CPX-9DC91RTFJ8V-62540-1494399222662-0:1) started
3409 [Test worker] INFO  org.apache.activemq.broker.BrokerService [] - For help or more information please see: http://activemq.apache.org
3518 [Test worker] INFO  wdsr.exercise4.receiver.ReceiveTest [] - Setting JMS receive timeout to 100ms
3736 [Test worker] INFO  wdsr.exercise4.receiver.ReceiveTest [] - alertText=
Timestamp=1494399223225
Stock=GOOG
Volume=500000
3781 [Test worker] INFO  org.apache.activemq.broker.BrokerService [] - Apache ActiveMQ 5.13.2 (localhost, ID:CPX-9DC91RTFJ8V-62540-1494399222662-0:1) is shutting down
3782 [Test worker] INFO  org.apache.activemq.broker.TransportConnector [] - Connector tcp://localhost:62616?deleteAllMessagesOnStartup=true stopped
3785 [Test worker] INFO  org.apache.activemq.store.kahadb.plist.PListStoreImpl [] - PListStore:[C:\Systemy rozproszone\exercise4\activemq-data\localhost\tmp_storage] stopped
3785 [Test worker] INFO  org.apache.activemq.store.kahadb.KahaDBStore [] - Stopping async queue tasks
3785 [Test worker] INFO  org.apache.activemq.store.kahadb.KahaDBStore [] - Stopping async topic tasks
3786 [Test worker] INFO  org.apache.activemq.store.kahadb.KahaDBStore [] - Stopped KahaDB
4105 [Test worker] INFO  org.apache.activemq.broker.BrokerService [] - Apache ActiveMQ 5.13.2 (localhost, ID:CPX-9DC91RTFJ8V-62540-1494399222662-0:1) uptime 1.776 seconds
4106 [Test worker] INFO  org.apache.activemq.broker.BrokerService [] - Apache ActiveMQ 5.13.2 (localhost, ID:CPX-9DC91RTFJ8V-62540-1494399222662-0:1) is shutdown
4242 [Test worker] WARN  org.apache.activemq.broker.BrokerService [] - Memory Usage for the Broker (1024mb) is more than the maximum available for the JVM: 247 mb - resetting to 70% of maximum available: 173 mb
4247 [Test worker] INFO  org.apache.activemq.broker.BrokerService [] - Using Persistence Adapter: KahaDBPersistenceAdapter[C:\Systemy rozproszone\exercise4\activemq-data\localhost\KahaDB]
4249 [JMX connector] INFO  org.apache.activemq.broker.jmx.ManagementContext [] - JMX consoles can connect to service:jmx:rmi:///jndi/rmi://localhost:1099/jmxrmi
4845 [Test worker] INFO  org.apache.activemq.store.kahadb.MessageDatabase [] - KahaDB is version 6
4849 [Test worker] INFO  org.apache.activemq.store.kahadb.MessageDatabase [] - Recovering from the journal @1:47850
4849 [Test worker] INFO  org.apache.activemq.store.kahadb.MessageDatabase [] - Recovery replayed 1 operations from the journal in 0.003 seconds.
4850 [Test worker] INFO  org.apache.activemq.store.kahadb.plist.PListStoreImpl [] - PListStore:[C:\Systemy rozproszone\exercise4\activemq-data\localhost\tmp_storage] started
4851 [Test worker] INFO  org.apache.activemq.broker.BrokerService [] - Apache ActiveMQ 5.13.2 (localhost, ID:CPX-9DC91RTFJ8V-62540-1494399222662-0:2) is starting
4868 [Test worker] INFO  org.apache.activemq.transport.TransportServerThreadSupport [] - Listening for connections at: tcp://127.0.0.1:62616?deleteAllMessagesOnStartup=true
4869 [Test worker] INFO  org.apache.activemq.broker.TransportConnector [] - Connector tcp://localhost:62616?deleteAllMessagesOnStartup=true started
4870 [Test worker] INFO  org.apache.activemq.broker.BrokerService [] - Apache ActiveMQ 5.13.2 (localhost, ID:CPX-9DC91RTFJ8V-62540-1494399222662-0:2) started
4870 [Test worker] INFO  org.apache.activemq.broker.BrokerService [] - For help or more information please see: http://activemq.apache.org
4938 [Test worker] INFO  wdsr.exercise4.receiver.ReceiveTest [] - Setting JMS receive timeout to 100ms
5114 [Test worker] INFO  org.apache.activemq.broker.BrokerService [] - Apache ActiveMQ 5.13.2 (localhost, ID:CPX-9DC91RTFJ8V-62540-1494399222662-0:2) is shutting down
5115 [Test worker] INFO  org.apache.activemq.broker.TransportConnector [] - Connector tcp://localhost:62616?deleteAllMessagesOnStartup=true stopped
5116 [Test worker] INFO  org.apache.activemq.store.kahadb.plist.PListStoreImpl [] - PListStore:[C:\Systemy rozproszone\exercise4\activemq-data\localhost\tmp_storage] stopped
5117 [Test worker] INFO  org.apache.activemq.store.kahadb.KahaDBStore [] - Stopping async queue tasks
5117 [Test worker] INFO  org.apache.activemq.store.kahadb.KahaDBStore [] - Stopping async topic tasks
5117 [Test worker] INFO  org.apache.activemq.store.kahadb.KahaDBStore [] - Stopped KahaDB
5358 [Test worker] INFO  org.apache.activemq.broker.BrokerService [] - Apache ActiveMQ 5.13.2 (localhost, ID:CPX-9DC91RTFJ8V-62540-1494399222662-0:2) uptime 1.116 seconds
5358 [Test worker] INFO  org.apache.activemq.broker.BrokerService [] - Apache ActiveMQ 5.13.2 (localhost, ID:CPX-9DC91RTFJ8V-62540-1494399222662-0:2) is shutdown
5465 [Test worker] WARN  org.apache.activemq.broker.BrokerService [] - Memory Usage for the Broker (1024mb) is more than the maximum available for the JVM: 247 mb - resetting to 70% of maximum available: 173 mb
5470 [Test worker] INFO  org.apache.activemq.broker.BrokerService [] - Using Persistence Adapter: KahaDBPersistenceAdapter[C:\Systemy rozproszone\exercise4\activemq-data\localhost\KahaDB]
5472 [JMX connector] INFO  org.apache.activemq.broker.jmx.ManagementContext [] - JMX consoles can connect to service:jmx:rmi:///jndi/rmi://localhost:1099/jmxrmi
5973 [Test worker] INFO  org.apache.activemq.store.kahadb.MessageDatabase [] - KahaDB is version 6
5976 [Test worker] INFO  org.apache.activemq.store.kahadb.MessageDatabase [] - Recovering from the journal @1:52131
5976 [Test worker] INFO  org.apache.activemq.store.kahadb.MessageDatabase [] - Recovery replayed 1 operations from the journal in 0.002 seconds.
5989 [Test worker] INFO  org.apache.activemq.store.kahadb.plist.PListStoreImpl [] - PListStore:[C:\Systemy rozproszone\exercise4\activemq-data\localhost\tmp_storage] started
5991 [Test worker] INFO  org.apache.activemq.broker.BrokerService [] - Apache ActiveMQ 5.13.2 (localhost, ID:CPX-9DC91RTFJ8V-62540-1494399222662-0:3) is starting
6004 [Test worker] INFO  org.apache.activemq.transport.TransportServerThreadSupport [] - Listening for connections at: tcp://127.0.0.1:62616?deleteAllMessagesOnStartup=true
6005 [Test worker] INFO  org.apache.activemq.broker.TransportConnector [] - Connector tcp://localhost:62616?deleteAllMessagesOnStartup=true started
6005 [Test worker] INFO  org.apache.activemq.broker.BrokerService [] - Apache ActiveMQ 5.13.2 (localhost, ID:CPX-9DC91RTFJ8V-62540-1494399222662-0:3) started
6005 [Test worker] INFO  org.apache.activemq.broker.BrokerService [] - For help or more information please see: http://activemq.apache.org
6033 [Test worker] INFO  wdsr.exercise4.receiver.ReceiveTest [] - Setting JMS receive timeout to 100ms
6254 [Test worker] INFO  org.apache.activemq.broker.BrokerService [] - Apache ActiveMQ 5.13.2 (localhost, ID:CPX-9DC91RTFJ8V-62540-1494399222662-0:3) is shutting down
6255 [Test worker] INFO  org.apache.activemq.broker.TransportConnector [] - Connector tcp://localhost:62616?deleteAllMessagesOnStartup=true stopped
6256 [Test worker] INFO  org.apache.activemq.store.kahadb.plist.PListStoreImpl [] - PListStore:[C:\Systemy rozproszone\exercise4\activemq-data\localhost\tmp_storage] stopped
6256 [Test worker] INFO  org.apache.activemq.store.kahadb.KahaDBStore [] - Stopping async queue tasks
6256 [Test worker] INFO  org.apache.activemq.store.kahadb.KahaDBStore [] - Stopping async topic tasks
6256 [Test worker] INFO  org.apache.activemq.store.kahadb.KahaDBStore [] - Stopped KahaDB
6480 [Test worker] INFO  org.apache.activemq.broker.BrokerService [] - Apache ActiveMQ 5.13.2 (localhost, ID:CPX-9DC91RTFJ8V-62540-1494399222662-0:3) uptime 1.016 seconds
6481 [Test worker] INFO  org.apache.activemq.broker.BrokerService [] - Apache ActiveMQ 5.13.2 (localhost, ID:CPX-9DC91RTFJ8V-62540-1494399222662-0:3) is shutdown
6606 [Test worker] WARN  org.apache.activemq.broker.BrokerService [] - Memory Usage for the Broker (1024mb) is more than the maximum available for the JVM: 247 mb - resetting to 70% of maximum available: 173 mb
6609 [Test worker] INFO  org.apache.activemq.broker.BrokerService [] - Using Persistence Adapter: KahaDBPersistenceAdapter[C:\Systemy rozproszone\exercise4\activemq-data\localhost\KahaDB]
6611 [JMX connector] INFO  org.apache.activemq.broker.jmx.ManagementContext [] - JMX consoles can connect to service:jmx:rmi:///jndi/rmi://localhost:1099/jmxrmi
7186 [Test worker] INFO  org.apache.activemq.store.kahadb.MessageDatabase [] - KahaDB is version 6
7188 [Test worker] INFO  org.apache.activemq.store.kahadb.MessageDatabase [] - Recovering from the journal @1:56254
7188 [Test worker] INFO  org.apache.activemq.store.kahadb.MessageDatabase [] - Recovery replayed 1 operations from the journal in 0.001 seconds.
7197 [Test worker] INFO  org.apache.activemq.store.kahadb.plist.PListStoreImpl [] - PListStore:[C:\Systemy rozproszone\exercise4\activemq-data\localhost\tmp_storage] started
7199 [Test worker] INFO  org.apache.activemq.broker.BrokerService [] - Apache ActiveMQ 5.13.2 (localhost, ID:CPX-9DC91RTFJ8V-62540-1494399222662-0:4) is starting
7205 [Test worker] INFO  org.apache.activemq.transport.TransportServerThreadSupport [] - Listening for connections at: tcp://127.0.0.1:62616?deleteAllMessagesOnStartup=true
7206 [Test worker] INFO  org.apache.activemq.broker.TransportConnector [] - Connector tcp://localhost:62616?deleteAllMessagesOnStartup=true started
7206 [Test worker] INFO  org.apache.activemq.broker.BrokerService [] - Apache ActiveMQ 5.13.2 (localhost, ID:CPX-9DC91RTFJ8V-62540-1494399222662-0:4) started
7206 [Test worker] INFO  org.apache.activemq.broker.BrokerService [] - For help or more information please see: http://activemq.apache.org
7230 [Test worker] INFO  wdsr.exercise4.receiver.ReceiveTest [] - Setting JMS receive timeout to 100ms
7356 [Test worker] INFO  wdsr.exercise4.receiver.ReceiveTest [] - alertText1=
Timestamp=1494399226846
Stock=GOOG
Volume=500000
7357 [Test worker] INFO  wdsr.exercise4.receiver.ReceiveTest [] - alertText2=
Timestamp=1494399226846
Stock=MSFT
Volume=500000
7413 [Test worker] INFO  org.apache.activemq.broker.BrokerService [] - Apache ActiveMQ 5.13.2 (localhost, ID:CPX-9DC91RTFJ8V-62540-1494399222662-0:4) is shutting down
7414 [Test worker] INFO  org.apache.activemq.broker.TransportConnector [] - Connector tcp://localhost:62616?deleteAllMessagesOnStartup=true stopped
7415 [Test worker] INFO  org.apache.activemq.store.kahadb.plist.PListStoreImpl [] - PListStore:[C:\Systemy rozproszone\exercise4\activemq-data\localhost\tmp_storage] stopped
7415 [Test worker] INFO  org.apache.activemq.store.kahadb.KahaDBStore [] - Stopping async queue tasks
7416 [Test worker] INFO  org.apache.activemq.store.kahadb.KahaDBStore [] - Stopping async topic tasks
7416 [Test worker] INFO  org.apache.activemq.store.kahadb.KahaDBStore [] - Stopped KahaDB
7689 [Test worker] INFO  org.apache.activemq.broker.BrokerService [] - Apache ActiveMQ 5.13.2 (localhost, ID:CPX-9DC91RTFJ8V-62540-1494399222662-0:4) uptime 1.084 seconds
7689 [Test worker] INFO  org.apache.activemq.broker.BrokerService [] - Apache ActiveMQ 5.13.2 (localhost, ID:CPX-9DC91RTFJ8V-62540-1494399222662-0:4) is shutdown
7849 [Test worker] WARN  org.apache.activemq.broker.BrokerService [] - Memory Usage for the Broker (1024mb) is more than the maximum available for the JVM: 247 mb - resetting to 70% of maximum available: 173 mb
7854 [Test worker] INFO  org.apache.activemq.broker.BrokerService [] - Using Persistence Adapter: KahaDBPersistenceAdapter[C:\Systemy rozproszone\exercise4\activemq-data\localhost\KahaDB]
7863 [JMX connector] INFO  org.apache.activemq.broker.jmx.ManagementContext [] - JMX consoles can connect to service:jmx:rmi:///jndi/rmi://localhost:1099/jmxrmi
8356 [Test worker] INFO  org.apache.activemq.store.kahadb.MessageDatabase [] - KahaDB is version 6
8358 [Test worker] INFO  org.apache.activemq.store.kahadb.MessageDatabase [] - Recovering from the journal @1:61347
8358 [Test worker] INFO  org.apache.activemq.store.kahadb.MessageDatabase [] - Recovery replayed 1 operations from the journal in 0.001 seconds.
8366 [Test worker] INFO  org.apache.activemq.store.kahadb.plist.PListStoreImpl [] - PListStore:[C:\Systemy rozproszone\exercise4\activemq-data\localhost\tmp_storage] started
8367 [Test worker] INFO  org.apache.activemq.broker.BrokerService [] - Apache ActiveMQ 5.13.2 (localhost, ID:CPX-9DC91RTFJ8V-62540-1494399222662-0:5) is starting
8375 [Test worker] INFO  org.apache.activemq.transport.TransportServerThreadSupport [] - Listening for connections at: tcp://127.0.0.1:62616?deleteAllMessagesOnStartup=true
8376 [Test worker] INFO  org.apache.activemq.broker.TransportConnector [] - Connector tcp://localhost:62616?deleteAllMessagesOnStartup=true started
8376 [Test worker] INFO  org.apache.activemq.broker.BrokerService [] - Apache ActiveMQ 5.13.2 (localhost, ID:CPX-9DC91RTFJ8V-62540-1494399222662-0:5) started
8377 [Test worker] INFO  org.apache.activemq.broker.BrokerService [] - For help or more information please see: http://activemq.apache.org
8397 [Test worker] INFO  wdsr.exercise4.receiver.ReceiveTest [] - Setting JMS receive timeout to 100ms
8532 [Test worker] INFO  wdsr.exercise4.receiver.ReceiveTest [] - AlertText=
Timestamp=1494399228022
Stock=GOOG
Price= 10
8564 [Test worker] INFO  org.apache.activemq.broker.BrokerService [] - Apache ActiveMQ 5.13.2 (localhost, ID:CPX-9DC91RTFJ8V-62540-1494399222662-0:5) is shutting down
8565 [Test worker] INFO  org.apache.activemq.broker.TransportConnector [] - Connector tcp://localhost:62616?deleteAllMessagesOnStartup=true stopped
8567 [Test worker] INFO  org.apache.activemq.store.kahadb.plist.PListStoreImpl [] - PListStore:[C:\Systemy rozproszone\exercise4\activemq-data\localhost\tmp_storage] stopped
8567 [Test worker] INFO  org.apache.activemq.store.kahadb.KahaDBStore [] - Stopping async queue tasks
8567 [Test worker] INFO  org.apache.activemq.store.kahadb.KahaDBStore [] - Stopping async topic tasks
8567 [Test worker] INFO  org.apache.activemq.store.kahadb.KahaDBStore [] - Stopped KahaDB
8863 [Test worker] INFO  org.apache.activemq.broker.BrokerService [] - Apache ActiveMQ 5.13.2 (localhost, ID:CPX-9DC91RTFJ8V-62540-1494399222662-0:5) uptime 1.015 seconds
8863 [Test worker] INFO  org.apache.activemq.broker.BrokerService [] - Apache ActiveMQ 5.13.2 (localhost, ID:CPX-9DC91RTFJ8V-62540-1494399222662-0:5) is shutdown
8982 [Test worker] WARN  org.apache.activemq.broker.BrokerService [] - Memory Usage for the Broker (1024mb) is more than the maximum available for the JVM: 247 mb - resetting to 70% of maximum available: 173 mb
8986 [Test worker] INFO  org.apache.activemq.broker.BrokerService [] - Using Persistence Adapter: KahaDBPersistenceAdapter[C:\Systemy rozproszone\exercise4\activemq-data\localhost\KahaDB]
8988 [JMX connector] INFO  org.apache.activemq.broker.jmx.ManagementContext [] - JMX consoles can connect to service:jmx:rmi:///jndi/rmi://localhost:1099/jmxrmi
9497 [Test worker] INFO  org.apache.activemq.store.kahadb.MessageDatabase [] - KahaDB is version 6
9500 [Test worker] INFO  org.apache.activemq.store.kahadb.MessageDatabase [] - Recovering from the journal @1:65796
9501 [Test worker] INFO  org.apache.activemq.store.kahadb.MessageDatabase [] - Recovery replayed 1 operations from the journal in 0.003 seconds.
9502 [Test worker] INFO  org.apache.activemq.store.kahadb.plist.PListStoreImpl [] - PListStore:[C:\Systemy rozproszone\exercise4\activemq-data\localhost\tmp_storage] started
9503 [Test worker] INFO  org.apache.activemq.broker.BrokerService [] - Apache ActiveMQ 5.13.2 (localhost, ID:CPX-9DC91RTFJ8V-62540-1494399222662-0:6) is starting
9531 [Test worker] INFO  org.apache.activemq.transport.TransportServerThreadSupport [] - Listening for connections at: tcp://127.0.0.1:62616?deleteAllMessagesOnStartup=true
9531 [Test worker] INFO  org.apache.activemq.broker.TransportConnector [] - Connector tcp://localhost:62616?deleteAllMessagesOnStartup=true started
9532 [Test worker] INFO  org.apache.activemq.broker.BrokerService [] - Apache ActiveMQ 5.13.2 (localhost, ID:CPX-9DC91RTFJ8V-62540-1494399222662-0:6) started
9532 [Test worker] INFO  org.apache.activemq.broker.BrokerService [] - For help or more information please see: http://activemq.apache.org
10906 [Test worker] INFO  org.apache.activemq.broker.BrokerService [] - Apache ActiveMQ 5.13.2 (localhost, ID:CPX-9DC91RTFJ8V-62540-1494399222662-0:6) is shutting down
10919 [Test worker] INFO  org.apache.activemq.broker.TransportConnector [] - Connector tcp://localhost:62616?deleteAllMessagesOnStartup=true stopped
10919 [Test worker] INFO  org.apache.activemq.store.kahadb.plist.PListStoreImpl [] - PListStore:[C:\Systemy rozproszone\exercise4\activemq-data\localhost\tmp_storage] stopped
10920 [Test worker] INFO  org.apache.activemq.store.kahadb.KahaDBStore [] - Stopping async queue tasks
10920 [Test worker] INFO  org.apache.activemq.store.kahadb.KahaDBStore [] - Stopping async topic tasks
10920 [Test worker] INFO  org.apache.activemq.store.kahadb.KahaDBStore [] - Stopped KahaDB
11024 [Test worker] INFO  org.apache.activemq.broker.BrokerService [] - Apache ActiveMQ 5.13.2 (localhost, ID:CPX-9DC91RTFJ8V-62540-1494399222662-0:6) uptime 2.043 seconds
11024 [Test worker] INFO  org.apache.activemq.broker.BrokerService [] - Apache ActiveMQ 5.13.2 (localhost, ID:CPX-9DC91RTFJ8V-62540-1494399222662-0:6) is shutdown
11191 [Test worker] WARN  org.apache.activemq.broker.BrokerService [] - Memory Usage for the Broker (1024mb) is more than the maximum available for the JVM: 247 mb - resetting to 70% of maximum available: 173 mb
11194 [Test worker] INFO  org.apache.activemq.broker.BrokerService [] - Using Persistence Adapter: KahaDBPersistenceAdapter[C:\Systemy rozproszone\exercise4\activemq-data\localhost\KahaDB]
11200 [JMX connector] INFO  org.apache.activemq.broker.jmx.ManagementContext [] - JMX consoles can connect to service:jmx:rmi:///jndi/rmi://localhost:1099/jmxrmi
11994 [Test worker] INFO  org.apache.activemq.store.kahadb.MessageDatabase [] - KahaDB is version 6
11997 [Test worker] INFO  org.apache.activemq.store.kahadb.MessageDatabase [] - Recovering from the journal @1:70779
11997 [Test worker] INFO  org.apache.activemq.store.kahadb.MessageDatabase [] - Recovery replayed 1 operations from the journal in 0.002 seconds.
11998 [Test worker] INFO  org.apache.activemq.store.kahadb.plist.PListStoreImpl [] - PListStore:[C:\Systemy rozproszone\exercise4\activemq-data\localhost\tmp_storage] started
11999 [Test worker] INFO  org.apache.activemq.broker.BrokerService [] - Apache ActiveMQ 5.13.2 (localhost, ID:CPX-9DC91RTFJ8V-62540-1494399222662-0:7) is starting
12014 [Test worker] INFO  org.apache.activemq.transport.TransportServerThreadSupport [] - Listening for connections at: tcp://127.0.0.1:62616?deleteAllMessagesOnStartup=true
12014 [Test worker] INFO  org.apache.activemq.broker.TransportConnector [] - Connector tcp://localhost:62616?deleteAllMessagesOnStartup=true started
12014 [Test worker] INFO  org.apache.activemq.broker.BrokerService [] - Apache ActiveMQ 5.13.2 (localhost, ID:CPX-9DC91RTFJ8V-62540-1494399222662-0:7) started
12014 [Test worker] INFO  org.apache.activemq.broker.BrokerService [] - For help or more information please see: http://activemq.apache.org
13068 [Test worker] INFO  org.apache.activemq.broker.BrokerService [] - Apache ActiveMQ 5.13.2 (localhost, ID:CPX-9DC91RTFJ8V-62540-1494399222662-0:7) is shutting down
13076 [Test worker] INFO  org.apache.activemq.broker.TransportConnector [] - Connector tcp://localhost:62616?deleteAllMessagesOnStartup=true stopped
13077 [Test worker] INFO  org.apache.activemq.store.kahadb.plist.PListStoreImpl [] - PListStore:[C:\Systemy rozproszone\exercise4\activemq-data\localhost\tmp_storage] stopped
13077 [Test worker] INFO  org.apache.activemq.store.kahadb.KahaDBStore [] - Stopping async queue tasks
13077 [Test worker] INFO  org.apache.activemq.store.kahadb.KahaDBStore [] - Stopping async topic tasks
13077 [Test worker] INFO  org.apache.activemq.store.kahadb.KahaDBStore [] - Stopped KahaDB
13498 [Test worker] INFO  org.apache.activemq.broker.BrokerService [] - Apache ActiveMQ 5.13.2 (localhost, ID:CPX-9DC91RTFJ8V-62540-1494399222662-0:7) uptime 2.308 seconds
13499 [Test worker] INFO  org.apache.activemq.broker.BrokerService [] - Apache ActiveMQ 5.13.2 (localhost, ID:CPX-9DC91RTFJ8V-62540-1494399222662-0:7) is shutdown
13629 [Test worker] WARN  org.apache.activemq.broker.BrokerService [] - Memory Usage for the Broker (1024mb) is more than the maximum available for the JVM: 247 mb - resetting to 70% of maximum available: 173 mb
13634 [Test worker] INFO  org.apache.activemq.broker.BrokerService [] - Using Persistence Adapter: KahaDBPersistenceAdapter[C:\Systemy rozproszone\exercise4\activemq-data\localhost\KahaDB]
13638 [JMX connector] INFO  org.apache.activemq.broker.jmx.ManagementContext [] - JMX consoles can connect to service:jmx:rmi:///jndi/rmi://localhost:1099/jmxrmi
14175 [Test worker] INFO  org.apache.activemq.store.kahadb.MessageDatabase [] - KahaDB is version 6
14177 [Test worker] INFO  org.apache.activemq.store.kahadb.MessageDatabase [] - Recovering from the journal @1:75456
14178 [Test worker] INFO  org.apache.activemq.store.kahadb.MessageDatabase [] - Recovery replayed 1 operations from the journal in 0.002 seconds.
14179 [Test worker] INFO  org.apache.activemq.store.kahadb.plist.PListStoreImpl [] - PListStore:[C:\Systemy rozproszone\exercise4\activemq-data\localhost\tmp_storage] started
14181 [Test worker] INFO  org.apache.activemq.broker.BrokerService [] - Apache ActiveMQ 5.13.2 (localhost, ID:CPX-9DC91RTFJ8V-62540-1494399222662-0:8) is starting
14193 [Test worker] INFO  org.apache.activemq.transport.TransportServerThreadSupport [] - Listening for connections at: tcp://127.0.0.1:62616?deleteAllMessagesOnStartup=true
14193 [Test worker] INFO  org.apache.activemq.broker.TransportConnector [] - Connector tcp://localhost:62616?deleteAllMessagesOnStartup=true started
14194 [Test worker] INFO  org.apache.activemq.broker.BrokerService [] - Apache ActiveMQ 5.13.2 (localhost, ID:CPX-9DC91RTFJ8V-62540-1494399222662-0:8) started
14194 [Test worker] INFO  org.apache.activemq.broker.BrokerService [] - For help or more information please see: http://activemq.apache.org
15259 [Test worker] INFO  org.apache.activemq.broker.BrokerService [] - Apache ActiveMQ 5.13.2 (localhost, ID:CPX-9DC91RTFJ8V-62540-1494399222662-0:8) is shutting down
15268 [Test worker] INFO  org.apache.activemq.broker.TransportConnector [] - Connector tcp://localhost:62616?deleteAllMessagesOnStartup=true stopped
15269 [Test worker] INFO  org.apache.activemq.store.kahadb.plist.PListStoreImpl [] - PListStore:[C:\Systemy rozproszone\exercise4\activemq-data\localhost\tmp_storage] stopped
15269 [Test worker] INFO  org.apache.activemq.store.kahadb.KahaDBStore [] - Stopping async queue tasks
15269 [Test worker] INFO  org.apache.activemq.store.kahadb.KahaDBStore [] - Stopping async topic tasks
15269 [Test worker] INFO  org.apache.activemq.store.kahadb.KahaDBStore [] - Stopped KahaDB
15679 [Test worker] INFO  org.apache.activemq.broker.BrokerService [] - Apache ActiveMQ 5.13.2 (localhost, ID:CPX-9DC91RTFJ8V-62540-1494399222662-0:8) uptime 2.051 seconds
15679 [Test worker] INFO  org.apache.activemq.broker.BrokerService [] - Apache ActiveMQ 5.13.2 (localhost, ID:CPX-9DC91RTFJ8V-62540-1494399222662-0:8) is shutdown
